This is pdfTeX, Version 3.141592653-2.6-1.40.23 (TeX Live 2021/Arch Linux) (preloaded format=pdflatex 2021.12.28)  9 JAN 2022 16:36
entering extended mode
 restricted \write18 enabled.
 file:line:error style messages enabled.
 %&-line parsing enabled.
**Scheduler.tex
(./Scheduler.tex
LaTeX2e <2021-11-15> patch level 1
L3 programming layer <2021-11-22> (/usr/share/texmf-dist/tex/latex/base/report.cls
Document Class: report 2021/10/04 v1.4n Standard LaTeX document class
(/usr/share/texmf-dist/tex/latex/base/size12.clo
File: size12.clo 2021/10/04 v1.4n Standard LaTeX file (size option)
)
\c@part=\count183
\c@chapter=\count184
\c@section=\count185
\c@subsection=\count186
\c@subsubsection=\count187
\c@paragraph=\count188
\c@subparagraph=\count189
\c@figure=\count190
\c@table=\count191
\abovecaptionskip=\skip47
\belowcaptionskip=\skip48
\bibindent=\dimen138
) (/usr/share/texmf-dist/tex/latex/amsmath/amsmath.sty
Package: amsmath 2021/10/15 v2.17l AMS math features
\@mathmargin=\skip49

For additional information on amsmath, use the `?' option.
(/usr/share/texmf-dist/tex/latex/amsmath/amstext.sty
Package: amstext 2021/08/26 v2.01 AMS text
 (/usr/share/texmf-dist/tex/latex/amsmath/amsgen.sty
File: amsgen.sty 1999/11/30 v2.0 generic functions
\@emptytoks=\toks16
\ex@=\dimen139
)) (/usr/share/texmf-dist/tex/latex/amsmath/amsbsy.sty
Package: amsbsy 1999/11/29 v1.2d Bold Symbols
\pmbraise@=\dimen140
) (/usr/share/texmf-dist/tex/latex/amsmath/amsopn.sty
Package: amsopn 2021/08/26 v2.02 operator names
)
\inf@bad=\count192
LaTeX Info: Redefining \frac on input line 234.
\uproot@=\count193
\leftroot@=\count194
LaTeX Info: Redefining \overline on input line 399.
\classnum@=\count195
\DOTSCASE@=\count196
LaTeX Info: Redefining \ldots on input line 496.
LaTeX Info: Redefining \dots on input line 499.
LaTeX Info: Redefining \cdots on input line 620.
\Mathstrutbox@=\box50
\strutbox@=\box51
\big@size=\dimen141
LaTeX Font Info:    Redeclaring font encoding OML on input line 743.
LaTeX Font Info:    Redeclaring font encoding OMS on input line 744.
\macc@depth=\count197
\c@MaxMatrixCols=\count198
\dotsspace@=\muskip16
\c@parentequation=\count199
\dspbrk@lvl=\count266
\tag@help=\toks17
\row@=\count267
\column@=\count268
\maxfields@=\count269
\andhelp@=\toks18
\eqnshift@=\dimen142
\alignsep@=\dimen143
\tagshift@=\dimen144
\tagwidth@=\dimen145
\totwidth@=\dimen146
\lineht@=\dimen147
\@envbody=\toks19
\multlinegap=\skip50
\multlinetaggap=\skip51
\mathdisplay@stack=\toks20
LaTeX Info: Redefining \[ on input line 2938.
LaTeX Info: Redefining \] on input line 2939.
) (/usr/share/texmf-dist/tex/latex/esint/esint.sty
Package: esint 
\symlargesymbolsA=\mathgroup4
) (/usr/share/texmf-dist/tex/latex/comment/comment.sty
\CommentStream=\write3
 Excluding comment 'comment') (/usr/share/texmf-dist/tex/latex/amsfonts/amssymb.sty
Package: amssymb 2013/01/14 v3.01 AMS font symbols
 (/usr/share/texmf-dist/tex/latex/amsfonts/amsfonts.sty
Package: amsfonts 2013/01/14 v3.01 Basic AMSFonts support
\symAMSa=\mathgroup5
\symAMSb=\mathgroup6
LaTeX Font Info:    Redeclaring math symbol \hbar on input line 98.
LaTeX Font Info:    Overwriting math alphabet `\mathfrak' in version `bold'
(Font)                  U/euf/m/n --> U/euf/b/n on input line 106.
)) (/usr/share/texmf-dist/tex/latex/commath/commath.sty (/usr/share/texmf-dist/tex/latex/base/ifthen.sty
Package: ifthen 2020/11/24 v1.1c Standard LaTeX ifthen package (DPC)
)) (/usr/share/texmf-dist/tex/latex/geometry/geometry.sty
Package: geometry 2020/01/02 v5.9 Page Geometry
 (/usr/share/texmf-dist/tex/latex/graphics/keyval.sty
Package: keyval 2014/10/28 v1.15 key=value parser (DPC)
\KV@toks@=\toks21
) (/usr/share/texmf-dist/tex/generic/iftex/ifvtex.sty
Package: ifvtex 2019/10/25 v1.7 ifvtex legacy package. Use iftex instead.
 (/usr/share/texmf-dist/tex/generic/iftex/iftex.sty
Package: iftex 2020/03/06 v1.0d TeX engine tests
))
\Gm@cnth=\count270
\Gm@cntv=\count271
\c@Gm@tempcnt=\count272
\Gm@bindingoffset=\dimen148
\Gm@wd@mp=\dimen149
\Gm@odd@mp=\dimen150
\Gm@even@mp=\dimen151
\Gm@layoutwidth=\dimen152
\Gm@layoutheight=\dimen153
\Gm@layouthoffset=\dimen154
\Gm@layoutvoffset=\dimen155
\Gm@dimlist=\toks22
) (/usr/share/texmf-dist/tex/latex/graphics/graphicx.sty
Package: graphicx 2021/09/16 v1.2d Enhanced LaTeX Graphics (DPC,SPQR)
 (/usr/share/texmf-dist/tex/latex/graphics/graphics.sty
Package: graphics 2021/03/04 v1.4d Standard LaTeX Graphics (DPC,SPQR)
 (/usr/share/texmf-dist/tex/latex/graphics/trig.sty
Package: trig 2021/08/11 v1.11 sin cos tan (DPC)
) (/usr/share/texmf-dist/tex/latex/graphics-cfg/graphics.cfg
File: graphics.cfg 2016/06/04 v1.11 sample graphics configuration
)
Package graphics Info: Driver file: pdftex.def on input line 107.
 (/usr/share/texmf-dist/tex/latex/graphics-def/pdftex.def
File: pdftex.def 2020/10/05 v1.2a Graphics/color driver for pdftex
))
\Gin@req@height=\dimen156
\Gin@req@width=\dimen157
) (/usr/share/texmf-dist/tex/latex/hyperref/hyperref.sty
Package: hyperref 2021-06-07 v7.00m Hypertext links for LaTeX
 (/usr/share/texmf-dist/tex/generic/ltxcmds/ltxcmds.sty
Package: ltxcmds 2020-05-10 v1.25 LaTeX kernel commands for general use (HO)
) (/usr/share/texmf-dist/tex/generic/pdftexcmds/pdftexcmds.sty
Package: pdftexcmds 2020-06-27 v0.33 Utility functions of pdfTeX for LuaTeX (HO)
 (/usr/share/texmf-dist/tex/generic/infwarerr/infwarerr.sty
Package: infwarerr 2019/12/03 v1.5 Providing info/warning/error messages (HO)
)
Package pdftexcmds Info: \pdf@primitive is available.
Package pdftexcmds Info: \pdf@ifprimitive is available.
Package pdftexcmds Info: \pdfdraftmode found.
) (/usr/share/texmf-dist/tex/generic/kvsetkeys/kvsetkeys.sty
Package: kvsetkeys 2019/12/15 v1.18 Key value parser (HO)
) (/usr/share/texmf-dist/tex/generic/kvdefinekeys/kvdefinekeys.sty
Package: kvdefinekeys 2019-12-19 v1.6 Define keys (HO)
) (/usr/share/texmf-dist/tex/generic/pdfescape/pdfescape.sty
Package: pdfescape 2019/12/09 v1.15 Implements pdfTeX's escape features (HO)
) (/usr/share/texmf-dist/tex/latex/hycolor/hycolor.sty
Package: hycolor 2020-01-27 v1.10 Color options for hyperref/bookmark (HO)
) (/usr/share/texmf-dist/tex/latex/letltxmacro/letltxmacro.sty
Package: letltxmacro 2019/12/03 v1.6 Let assignment for LaTeX macros (HO)
) (/usr/share/texmf-dist/tex/latex/auxhook/auxhook.sty
Package: auxhook 2019-12-17 v1.6 Hooks for auxiliary files (HO)
) (/usr/share/texmf-dist/tex/latex/kvoptions/kvoptions.sty
Package: kvoptions 2020-10-07 v3.14 Key value format for package options (HO)
)
\@linkdim=\dimen158
\Hy@linkcounter=\count273
\Hy@pagecounter=\count274
 (/usr/share/texmf-dist/tex/latex/hyperref/pd1enc.def
File: pd1enc.def 2021-06-07 v7.00m Hyperref: PDFDocEncoding definition (HO)
Now handling font encoding PD1 ...
... no UTF-8 mapping file for font encoding PD1
) (/usr/share/texmf-dist/tex/latex/hyperref/hyperref-langpatches.def
File: hyperref-langpatches.def 2021-06-07 v7.00m Hyperref: patches for babel languages
) (/usr/share/texmf-dist/tex/generic/intcalc/intcalc.sty
Package: intcalc 2019/12/15 v1.3 Expandable calculations with integers (HO)
) (/usr/share/texmf-dist/tex/generic/etexcmds/etexcmds.sty
Package: etexcmds 2019/12/15 v1.7 Avoid name clashes with e-TeX commands (HO)
)
\Hy@SavedSpaceFactor=\count275
 (/usr/share/texmf-dist/tex/latex/hyperref/puenc.def
File: puenc.def 2021-06-07 v7.00m Hyperref: PDF Unicode definition (HO)
Now handling font encoding PU ...
... no UTF-8 mapping file for font encoding PU
)
Package hyperref Info: Hyper figures OFF on input line 4192.
Package hyperref Info: Link nesting OFF on input line 4197.
Package hyperref Info: Hyper index ON on input line 4200.
Package hyperref Info: Plain pages OFF on input line 4207.
Package hyperref Info: Backreferencing OFF on input line 4212.
Package hyperref Info: Implicit mode ON; LaTeX internals redefined.
Package hyperref Info: Bookmarks ON on input line 4445.
\c@Hy@tempcnt=\count276

(/usr/share/texmf-dist/tex/latex/url/url.sty
\Urlmuskip=\muskip17
Package: url 2013/09/16  ver 3.4  Verb mode for urls, etc.
)
LaTeX Info: Redefining \url on input line 4804.
\XeTeXLinkMargin=\dimen159
 (/usr/share/texmf-dist/tex/generic/bitset/bitset.sty
Package: bitset 2019/12/09 v1.3 Handle bit-vector datatype (HO)
 (/usr/share/texmf-dist/tex/generic/bigintcalc/bigintcalc.sty
Package: bigintcalc 2019/12/15 v1.5 Expandable calculations on big integers (HO)
))
\Fld@menulength=\count277
\Field@Width=\dimen160
\Fld@charsize=\dimen161
Package hyperref Info: Hyper figures OFF on input line 6076.
Package hyperref Info: Link nesting OFF on input line 6081.
Package hyperref Info: Hyper index ON on input line 6084.
Package hyperref Info: backreferencing OFF on input line 6091.
Package hyperref Info: Link coloring OFF on input line 6096.
Package hyperref Info: Link coloring with OCG OFF on input line 6101.
Package hyperref Info: PDF/A mode OFF on input line 6106.
LaTeX Info: Redefining \ref on input line 6146.
LaTeX Info: Redefining \pageref on input line 6150.
 (/usr/share/texmf-dist/tex/latex/base/atbegshi-ltx.sty
Package: atbegshi-ltx 2021/01/10 v1.0c Emulation of the original atbegshi
package with kernel methods
)
\Hy@abspage=\count278
\c@Item=\count279
\c@Hfootnote=\count280
)
Package hyperref Info: Driver (autodetected): hpdftex.
 (/usr/share/texmf-dist/tex/latex/hyperref/hpdftex.def
File: hpdftex.def 2021-06-07 v7.00m Hyperref driver for pdfTeX
 (/usr/share/texmf-dist/tex/latex/base/atveryend-ltx.sty
Package: atveryend-ltx 2020/08/19 v1.0a Emulation of the original atveryend package
with kernel methods
)
\Fld@listcount=\count281
\c@bookmark@seq@number=\count282
 (/usr/share/texmf-dist/tex/latex/rerunfilecheck/rerunfilecheck.sty
Package: rerunfilecheck 2019/12/05 v1.9 Rerun checks for auxiliary files (HO)
 (/usr/share/texmf-dist/tex/generic/uniquecounter/uniquecounter.sty
Package: uniquecounter 2019/12/15 v1.4 Provide unlimited unique counter (HO)
)
Package uniquecounter Info: New unique counter `rerunfilecheck' on input line 286.
)
\Hy@SectionHShift=\skip52
) (/usr/share/texmf-dist/tex/latex/listings/listings.sty
\lst@mode=\count283
\lst@gtempboxa=\box52
\lst@token=\toks23
\lst@length=\count284
\lst@currlwidth=\dimen162
\lst@column=\count285
\lst@pos=\count286
\lst@lostspace=\dimen163
\lst@width=\dimen164
\lst@newlines=\count287
\lst@lineno=\count288
\lst@maxwidth=\dimen165
 (/usr/share/texmf-dist/tex/latex/listings/lstmisc.sty
File: lstmisc.sty 2020/03/24 1.8d (Carsten Heinz)
\c@lstnumber=\count289
\lst@skipnumbers=\count290
\lst@framebox=\box53
) (/usr/share/texmf-dist/tex/latex/listings/listings.cfg
File: listings.cfg 2020/03/24 1.8d listings configuration
))
Package: listings 2020/03/24 1.8d (Carsten Heinz)
 (/usr/share/texmf-dist/tex/latex/xcolor/xcolor.sty
Package: xcolor 2021/10/31 v2.13 LaTeX color extensions (UK)
 (/usr/share/texmf-dist/tex/latex/graphics-cfg/color.cfg
File: color.cfg 2016/01/02 v1.6 sample color configuration
)
Package xcolor Info: Driver file: pdftex.def on input line 227.
Package xcolor Info: Model `cmy' substituted by `cmy0' on input line 1352.
Package xcolor Info: Model `hsb' substituted by `rgb' on input line 1356.
Package xcolor Info: Model `RGB' extended on input line 1368.
Package xcolor Info: Model `HTML' substituted by `rgb' on input line 1370.
Package xcolor Info: Model `Hsb' substituted by `hsb' on input line 1371.
Package xcolor Info: Model `tHsb' substituted by `hsb' on input line 1372.
Package xcolor Info: Model `HSB' substituted by `hsb' on input line 1373.
Package xcolor Info: Model `Gray' substituted by `gray' on input line 1374.
Package xcolor Info: Model `wave' substituted by `hsb' on input line 1375.
) (/usr/share/texmf-dist/tex/latex/tools/array.sty
Package: array 2021/10/04 v2.5f Tabular extension package (FMi)
\col@sep=\dimen166
\ar@mcellbox=\box54
\extrarowheight=\dimen167
\NC@list=\toks24
\extratabsurround=\skip53
\backup@length=\skip54
\ar@cellbox=\box55
) (/usr/share/texmf-dist/tex/latex/tools/longtable.sty
Package: longtable 2021-09-01 v4.17 Multi-page Table package (DPC)
\LTleft=\skip55
\LTright=\skip56
\LTpre=\skip57
\LTpost=\skip58
\LTchunksize=\count291
\LTcapwidth=\dimen168
\LT@head=\box56
\LT@firsthead=\box57
\LT@foot=\box58
\LT@lastfoot=\box59
\LT@gbox=\box60
\LT@cols=\count292
\LT@rows=\count293
\c@LT@tables=\count294
\c@LT@chunks=\count295
\LT@p@ftn=\toks25
) (/usr/share/texmf-dist/tex/latex/l3backend/l3backend-pdftex.def
File: l3backend-pdftex.def 2021-12-14 L3 backend support: PDF output (pdfTeX)
\l__color_backend_stack_int=\count296
\l__pdf_internal_box=\box61
) (./Scheduler.aux)
\openout1 = `Scheduler.aux'.

LaTeX Font Info:    Checking defaults for OML/cmm/m/it on input line 49.
LaTeX Font Info:    ... okay on input line 49.
LaTeX Font Info:    Checking defaults for OMS/cmsy/m/n on input line 49.
LaTeX Font Info:    ... okay on input line 49.
LaTeX Font Info:    Checking defaults for OT1/cmr/m/n on input line 49.
LaTeX Font Info:    ... okay on input line 49.
LaTeX Font Info:    Checking defaults for T1/cmr/m/n on input line 49.
LaTeX Font Info:    ... okay on input line 49.
LaTeX Font Info:    Checking defaults for TS1/cmr/m/n on input line 49.
LaTeX Font Info:    ... okay on input line 49.
LaTeX Font Info:    Checking defaults for OMX/cmex/m/n on input line 49.
LaTeX Font Info:    ... okay on input line 49.
LaTeX Font Info:    Checking defaults for U/cmr/m/n on input line 49.
LaTeX Font Info:    ... okay on input line 49.
LaTeX Font Info:    Checking defaults for PD1/pdf/m/n on input line 49.
LaTeX Font Info:    ... okay on input line 49.
LaTeX Font Info:    Checking defaults for PU/pdf/m/n on input line 49.
LaTeX Font Info:    ... okay on input line 49.

*geometry* driver: auto-detecting
*geometry* detected driver: pdftex
*geometry* verbose mode - [ preamble ] result:
* driver: pdftex
* paper: a4paper
* layout: <same size as paper>
* layoutoffset:(h,v)=(0.0pt,0.0pt)
* modes: 
* h-part:(L,W,R)=(50.58878pt, 496.33032pt, 50.58878pt)
* v-part:(T,H,B)=(50.58878pt, 743.8693pt, 50.58878pt)
* \paperwidth=597.50787pt
* \paperheight=845.04684pt
* \textwidth=496.33032pt
* \textheight=743.8693pt
* \oddsidemargin=-21.68121pt
* \evensidemargin=-21.68121pt
* \topmargin=-58.68121pt
* \headheight=12.0pt
* \headsep=25.0pt
* \topskip=12.0pt
* \footskip=30.0pt
* \marginparwidth=35.0pt
* \marginparsep=10.0pt
* \columnsep=10.0pt
* \skip\footins=10.8pt plus 4.0pt minus 2.0pt
* \hoffset=0.0pt
* \voffset=0.0pt
* \mag=1000
* \@twocolumnfalse
* \@twosidefalse
* \@mparswitchfalse
* \@reversemarginfalse
* (1in=72.27pt=25.4mm, 1cm=28.453pt)

(/usr/share/texmf-dist/tex/context/base/mkii/supp-pdf.mkii
[Loading MPS to PDF converter (version 2006.09.02).]
\scratchcounter=\count297
\scratchdimen=\dimen169
\scratchbox=\box62
\nofMPsegments=\count298
\nofMParguments=\count299
\everyMPshowfont=\toks26
\MPscratchCnt=\count300
\MPscratchDim=\dimen170
\MPnumerator=\count301
\makeMPintoPDFobject=\count302
\everyMPtoPDFconversion=\toks27
) (/usr/share/texmf-dist/tex/latex/epstopdf-pkg/epstopdf-base.sty
Package: epstopdf-base 2020-01-24 v2.11 Base part for package epstopdf
Package epstopdf-base Info: Redefining graphics rule for `.eps' on input line 485.
 (/usr/share/texmf-dist/tex/latex/latexconfig/epstopdf-sys.cfg
File: epstopdf-sys.cfg 2010/07/13 v1.3 Configuration of (r)epstopdf for TeX Live
))
Package hyperref Info: Link coloring OFF on input line 49.
 (/usr/share/texmf-dist/tex/latex/hyperref/nameref.sty
Package: nameref 2021-04-02 v2.47 Cross-referencing by name of section
 (/usr/share/texmf-dist/tex/latex/refcount/refcount.sty
Package: refcount 2019/12/15 v3.6 Data extraction from label references (HO)
) (/usr/share/texmf-dist/tex/generic/gettitlestring/gettitlestring.sty
Package: gettitlestring 2019/12/15 v1.6 Cleanup title references (HO)
)
\c@section@level=\count303
)
LaTeX Info: Redefining \ref on input line 49.
LaTeX Info: Redefining \pageref on input line 49.
LaTeX Info: Redefining \nameref on input line 49.
 (./Scheduler.out) (./Scheduler.out)
\@outlinefile=\write4
\openout4 = `Scheduler.out'.

\c@lstlisting=\count304
LaTeX Font Info:    Trying to load font information for U+esint on input line 55.
 (/usr/share/texmf-dist/tex/latex/esint/uesint.fd
File: uesint.fd 
)
LaTeX Font Info:    Trying to load font information for U+msa on input line 55.
 (/usr/share/texmf-dist/tex/latex/amsfonts/umsa.fd
File: umsa.fd 2013/01/14 v3.01 AMS symbols A
)
LaTeX Font Info:    Trying to load font information for U+msb on input line 55.
 (/usr/share/texmf-dist/tex/latex/amsfonts/umsb.fd
File: umsb.fd 2013/01/14 v3.01 AMS symbols B
) [1

{/var/lib/texmf/fonts/map/pdftex/updmap/pdftex.map}] (./Scheduler.toc)
\tf@toc=\write5
\openout5 = `Scheduler.toc'.

pdfTeX warning (ext4): destination with the same identifier (name{page.1}) has been already used, duplicate ignored
<to be read again> 
                   \relax 
l.75 \newpage
              [1

] Excluding 'comment' comment. Excluding 'comment' comment. Excluding 'comment' comment. Excluding 'comment' comment. (/usr/share/texmf-dist/tex/latex/listings/lstlang1.sty
File: lstlang1.sty 2020/03/24 1.8d listings language file
) Excluding 'comment' comment. Excluding 'comment' comment. Excluding 'comment' comment. [2] Excluding 'comment' comment. Excluding 'comment' comment. Excluding 'comment' comment. [3] Excluding 'comment' comment. Excluding 'comment' comment. Excluding 'comment' comment. Excluding 'comment' comment. Excluding 'comment' comment. Excluding 'comment' comment. Excluding 'comment' comment. Excluding 'comment' comment. Excluding 'comment' comment. Excluding 'comment' comment. Excluding 'comment' comment. Excluding 'comment' comment. Excluding 'comment' comment. Excluding 'comment' comment. Excluding 'comment' comment.
Overfull \hbox (5.36157pt too wide) in paragraph at lines 339--339
[]|\OT1/cmr/m/n/12 Width| 
 []


Overfull \hbox (4.22131pt too wide) in paragraph at lines 339--339
[]|\OT1/cmr/m/n/12 Depth| 
 []


Overfull \hbox (4.91408pt too wide) in paragraph at lines 340--340
[]|\OT1/cmr/m/n/12 False| 
 []


Overfull \hbox (3.05576pt too wide) in paragraph at lines 341--341
[]|\OT1/cmr/m/n/12 True| 
 []


Overfull \hbox (3.05576pt too wide) in paragraph at lines 342--342
[]|\OT1/cmr/m/n/12 True| 
 []


Overfull \hbox (3.05576pt too wide) in paragraph at lines 343--343
[]|\OT1/cmr/m/n/12 True| 
 []


Overfull \hbox (3.05576pt too wide) in paragraph at lines 344--344
[]|\OT1/cmr/m/n/12 True| 
 []


Overfull \hbox (3.05576pt too wide) in paragraph at lines 345--345
[]|\OT1/cmr/m/n/12 True| 
 []


Overfull \hbox (1.44563pt too wide) in paragraph at lines 346--346
[]|\OT1/cmr/m/n/12 0.00012114683556951888| 
 []


Overfull \hbox (3.05576pt too wide) in paragraph at lines 346--346
[]|\OT1/cmr/m/n/12 True| 
 []


Overfull \hbox (3.05576pt too wide) in paragraph at lines 347--347
[]|\OT1/cmr/m/n/12 True| 
 []


Overfull \hbox (3.05576pt too wide) in paragraph at lines 348--348
[]|\OT1/cmr/m/n/12 True| 
 []


Overfull \hbox (3.05576pt too wide) in paragraph at lines 349--349
[]|\OT1/cmr/m/n/12 True| 
 []


Overfull \hbox (4.91408pt too wide) in paragraph at lines 350--350
[]|\OT1/cmr/m/n/12 False| 
 []


Overfull \hbox (3.05576pt too wide) in paragraph at lines 351--351
[]|\OT1/cmr/m/n/12 True| 
 []


Overfull \hbox (3.05576pt too wide) in paragraph at lines 352--352
[]|\OT1/cmr/m/n/12 True| 
 []


Overfull \hbox (1.44563pt too wide) in paragraph at lines 353--353
[]|\OT1/cmr/m/n/12 0.00019004256796588772| 
 []


Overfull \hbox (1.44563pt too wide) in paragraph at lines 353--353
[]|\OT1/cmr/m/n/12 0.00023274026358821416| 
 []


Overfull \hbox (3.05576pt too wide) in paragraph at lines 353--353
[]|\OT1/cmr/m/n/12 True| 
 []


Overfull \hbox (3.05576pt too wide) in paragraph at lines 354--354
[]|\OT1/cmr/m/n/12 True| 
 []


Overfull \hbox (3.05576pt too wide) in paragraph at lines 355--355
[]|\OT1/cmr/m/n/12 True| 
 []


Overfull \hbox (3.05576pt too wide) in paragraph at lines 356--356
[]|\OT1/cmr/m/n/12 True| 
 []


Overfull \hbox (3.05576pt too wide) in paragraph at lines 357--357
[]|\OT1/cmr/m/n/12 True| 
 []


Overfull \hbox (3.05576pt too wide) in paragraph at lines 358--358
[]|\OT1/cmr/m/n/12 True| 
 []


Overfull \hbox (3.05576pt too wide) in paragraph at lines 359--359
[]|\OT1/cmr/m/n/12 True| 
 []


Overfull \hbox (4.91408pt too wide) in paragraph at lines 360--360
[]|\OT1/cmr/m/n/12 False| 
 []


Overfull \hbox (3.05576pt too wide) in paragraph at lines 361--361
[]|\OT1/cmr/m/n/12 True| 
 []


Overfull \hbox (3.05576pt too wide) in paragraph at lines 362--362
[]|\OT1/cmr/m/n/12 True| 
 []


Overfull \hbox (3.05576pt too wide) in paragraph at lines 363--363
[]|\OT1/cmr/m/n/12 True| 
 []


Overfull \hbox (1.44563pt too wide) in paragraph at lines 364--364
[]|\OT1/cmr/m/n/12 0.00034940708548401785| 
 []


Overfull \hbox (1.44563pt too wide) in paragraph at lines 364--364
[]|\OT1/cmr/m/n/12 0.00043900385259274167| 
 []


Overfull \hbox (3.05576pt too wide) in paragraph at lines 364--364
[]|\OT1/cmr/m/n/12 True| 
 []


Overfull \hbox (1.44563pt too wide) in paragraph at lines 365--365
[]|\OT1/cmr/m/n/12 0.00040632762512430887| 
 []


Overfull \hbox (3.05576pt too wide) in paragraph at lines 365--365
[]|\OT1/cmr/m/n/12 True| 
 []


Overfull \hbox (3.05576pt too wide) in paragraph at lines 366--366
[]|\OT1/cmr/m/n/12 True| 
 []


Overfull \hbox (3.05576pt too wide) in paragraph at lines 367--367
[]|\OT1/cmr/m/n/12 True| 
 []


Overfull \hbox (3.05576pt too wide) in paragraph at lines 368--368
[]|\OT1/cmr/m/n/12 True| 
 []


Overfull \hbox (3.05576pt too wide) in paragraph at lines 369--369
[]|\OT1/cmr/m/n/12 True| 
 []


Overfull \hbox (4.91408pt too wide) in paragraph at lines 370--370
[]|\OT1/cmr/m/n/12 False| 
 []


Overfull \hbox (3.05576pt too wide) in paragraph at lines 371--371
[]|\OT1/cmr/m/n/12 True| 
 []


Overfull \hbox (3.05576pt too wide) in paragraph at lines 372--372
[]|\OT1/cmr/m/n/12 True| 
 []


Overfull \hbox (3.05576pt too wide) in paragraph at lines 373--373
[]|\OT1/cmr/m/n/12 True| 
 []


Overfull \hbox (3.05576pt too wide) in paragraph at lines 374--374
[]|\OT1/cmr/m/n/12 True| 
 []


Overfull \hbox (3.05576pt too wide) in paragraph at lines 375--375
[]|\OT1/cmr/m/n/12 True| 
 []


Overfull \hbox (3.05576pt too wide) in paragraph at lines 376--376
[]|\OT1/cmr/m/n/12 True| 
 []


Overfull \hbox (3.05576pt too wide) in paragraph at lines 377--377
[]|\OT1/cmr/m/n/12 True| 
 []


Overfull \hbox (3.05576pt too wide) in paragraph at lines 378--378
[]|\OT1/cmr/m/n/12 True| 
 []


Overfull \hbox (3.05576pt too wide) in paragraph at lines 379--379
[]|\OT1/cmr/m/n/12 True| 
 []


Overfull \hbox (4.91408pt too wide) in paragraph at lines 380--380
[]|\OT1/cmr/m/n/12 False| 
 []


Overfull \hbox (3.05576pt too wide) in paragraph at lines 381--381
[]|\OT1/cmr/m/n/12 True| 
 []


Overfull \hbox (3.05576pt too wide) in paragraph at lines 382--382
[]|\OT1/cmr/m/n/12 True| 
 []


Overfull \hbox (3.05576pt too wide) in paragraph at lines 383--383
[]|\OT1/cmr/m/n/12 True| 
 []


Overfull \hbox (1.44563pt too wide) in paragraph at lines 384--384
[]|\OT1/cmr/m/n/12 0.00019227573359408763| 
 []


Overfull \hbox (3.05576pt too wide) in paragraph at lines 384--384
[]|\OT1/cmr/m/n/12 True| 
 []


Overfull \hbox (3.05576pt too wide) in paragraph at lines 385--385
[]|\OT1/cmr/m/n/12 True| 
 []


Overfull \hbox (3.05576pt too wide) in paragraph at lines 386--386
[]|\OT1/cmr/m/n/12 True| 
 []


Overfull \hbox (1.44563pt too wide) in paragraph at lines 387--387
[]|\OT1/cmr/m/n/12 0.00012774796674291884| 
 []


Overfull \hbox (1.44563pt too wide) in paragraph at lines 387--387
[]|\OT1/cmr/m/n/12 0.00014773214951676456| 
 []


Overfull \hbox (3.05576pt too wide) in paragraph at lines 387--387
[]|\OT1/cmr/m/n/12 True| 
 []


Overfull \hbox (1.44563pt too wide) in paragraph at lines 388--388
[]|\OT1/cmr/m/n/12 0.00025650212380270195| 
 []


Overfull \hbox (3.05576pt too wide) in paragraph at lines 388--388
[]|\OT1/cmr/m/n/12 True| 
 []


Overfull \hbox (1.44563pt too wide) in paragraph at lines 389--389
[]|\OT1/cmr/m/n/12 0.00018260458059517936| 
 []


Overfull \hbox (1.44563pt too wide) in paragraph at lines 389--389
[]|\OT1/cmr/m/n/12 0.00022673939821963928| 
 []


Overfull \hbox (3.05576pt too wide) in paragraph at lines 389--389
[]|\OT1/cmr/m/n/12 True| 
 []


Overfull \hbox (4.91408pt too wide) in paragraph at lines 390--390
[]|\OT1/cmr/m/n/12 False| 
 []


Overfull \hbox (3.05576pt too wide) in paragraph at lines 391--391
[]|\OT1/cmr/m/n/12 True| 
 []


Overfull \hbox (3.05576pt too wide) in paragraph at lines 392--392
[]|\OT1/cmr/m/n/12 True| 
 []


Overfull \hbox (1.44563pt too wide) in paragraph at lines 393--393
[]|\OT1/cmr/m/n/12 0.00030445853749446893| 
 []


Overfull \hbox (3.05576pt too wide) in paragraph at lines 393--393
[]|\OT1/cmr/m/n/12 True| 
 []


Overfull \hbox (3.05576pt too wide) in paragraph at lines 394--394
[]|\OT1/cmr/m/n/12 True| 
 []


Overfull \hbox (3.05576pt too wide) in paragraph at lines 395--395
[]|\OT1/cmr/m/n/12 True| 
 []


Overfull \hbox (3.05576pt too wide) in paragraph at lines 396--396
[]|\OT1/cmr/m/n/12 True| 
 []


Overfull \hbox (1.44563pt too wide) in paragraph at lines 397--397
[]|\OT1/cmr/m/n/12 0.00010961302619233954| 
 []


Overfull \hbox (3.05576pt too wide) in paragraph at lines 397--397
[]|\OT1/cmr/m/n/12 True| 
 []


Overfull \hbox (3.05576pt too wide) in paragraph at lines 398--398
[]|\OT1/cmr/m/n/12 True| 
 []


Overfull \hbox (1.44563pt too wide) in paragraph at lines 399--399
[]|\OT1/cmr/m/n/12 0.00012132902821277287| 
 []


Overfull \hbox (3.05576pt too wide) in paragraph at lines 399--399
[]|\OT1/cmr/m/n/12 True| 
 []


Overfull \hbox (1.44563pt too wide) in paragraph at lines 400--400
[]|\OT1/cmr/m/n/12 0.00012336109189767025| 
 []


Overfull \hbox (4.91408pt too wide) in paragraph at lines 400--400
[]|\OT1/cmr/m/n/12 False| 
 []


Overfull \hbox (3.05576pt too wide) in paragraph at lines 401--401
[]|\OT1/cmr/m/n/12 True| 
 []


Overfull \hbox (1.44563pt too wide) in paragraph at lines 402--402
[]|\OT1/cmr/m/n/12 0.00029995898439541156| 
 []


Overfull \hbox (1.44563pt too wide) in paragraph at lines 402--402
[]|\OT1/cmr/m/n/12 0.00036738396915875416| 
 []


Overfull \hbox (3.05576pt too wide) in paragraph at lines 402--402
[]|\OT1/cmr/m/n/12 True| 
 []


Overfull \hbox (3.05576pt too wide) in paragraph at lines 403--403
[]|\OT1/cmr/m/n/12 True| 
 []


Overfull \hbox (3.05576pt too wide) in paragraph at lines 404--404
[]|\OT1/cmr/m/n/12 True| 
 []


Overfull \hbox (3.05576pt too wide) in paragraph at lines 405--405
[]|\OT1/cmr/m/n/12 True| 
 []


Overfull \hbox (3.05576pt too wide) in paragraph at lines 406--406
[]|\OT1/cmr/m/n/12 True| 
 []


Overfull \hbox (3.05576pt too wide) in paragraph at lines 407--407
[]|\OT1/cmr/m/n/12 True| 
 []


Overfull \hbox (3.05576pt too wide) in paragraph at lines 408--408
[]|\OT1/cmr/m/n/12 True| 
 []


Overfull \hbox (1.44563pt too wide) in paragraph at lines 409--409
[]|\OT1/cmr/m/n/12 0.00044973088184546695| 
 []


Overfull \hbox (3.05576pt too wide) in paragraph at lines 409--409
[]|\OT1/cmr/m/n/12 True| 
 []


Overfull \hbox (1.44563pt too wide) in paragraph at lines 410--410
[]|\OT1/cmr/m/n/12 0.00030808570452429826| 
 []


Overfull \hbox (1.44563pt too wide) in paragraph at lines 410--410
[]|\OT1/cmr/m/n/12 0.00041909224184128455| 
 []


Overfull \hbox (3.05576pt too wide) in paragraph at lines 410--410
[]|\OT1/cmr/m/n/12 True| 
 []


Overfull \hbox (3.05576pt too wide) in paragraph at lines 411--411
[]|\OT1/cmr/m/n/12 True| 
 []


Overfull \hbox (3.05576pt too wide) in paragraph at lines 412--412
[]|\OT1/cmr/m/n/12 True| 
 []


Overfull \hbox (3.05576pt too wide) in paragraph at lines 413--413
[]|\OT1/cmr/m/n/12 True| 
 []


Overfull \hbox (3.05576pt too wide) in paragraph at lines 414--414
[]|\OT1/cmr/m/n/12 True| 
 []


Overfull \hbox (3.05576pt too wide) in paragraph at lines 415--415
[]|\OT1/cmr/m/n/12 True| 
 []


Overfull \hbox (1.44563pt too wide) in paragraph at lines 416--416
[]|\OT1/cmr/m/n/12 0.00017349732664253978| 
 []


Overfull \hbox (3.05576pt too wide) in paragraph at lines 416--416
[]|\OT1/cmr/m/n/12 True| 
 []


Overfull \hbox (1.44563pt too wide) in paragraph at lines 417--417
[]|\OT1/cmr/m/n/12 0.00019979398131831193| 
 []


Overfull \hbox (1.44563pt too wide) in paragraph at lines 417--417
[]|\OT1/cmr/m/n/12 0.00022151523639277779| 
 []


Overfull \hbox (3.05576pt too wide) in paragraph at lines 417--417
[]|\OT1/cmr/m/n/12 True| 
 []


Overfull \hbox (3.05576pt too wide) in paragraph at lines 418--418
[]|\OT1/cmr/m/n/12 True| 
 []


Overfull \hbox (1.44563pt too wide) in paragraph at lines 419--419
[]|\OT1/cmr/m/n/12 0.00015606020463065722| 
 []


Overfull \hbox (1.44563pt too wide) in paragraph at lines 419--419
[]|\OT1/cmr/m/n/12 0.00021790347652608254| 
 []


Overfull \hbox (3.05576pt too wide) in paragraph at lines 419--419
[]|\OT1/cmr/m/n/12 True| 
 []


Overfull \hbox (1.44563pt too wide) in paragraph at lines 420--420
[]|\OT1/cmr/m/n/12 0.00022463606016048915| 
 []


Overfull \hbox (1.44563pt too wide) in paragraph at lines 420--420
[]|\OT1/cmr/m/n/12 0.00028838750822420765| 
 []


Overfull \hbox (3.05576pt too wide) in paragraph at lines 420--420
[]|\OT1/cmr/m/n/12 True| 
 []


Overfull \hbox (3.05576pt too wide) in paragraph at lines 421--421
[]|\OT1/cmr/m/n/12 True| 
 []


Overfull \hbox (3.05576pt too wide) in paragraph at lines 422--422
[]|\OT1/cmr/m/n/12 True| 
 []


Overfull \hbox (3.05576pt too wide) in paragraph at lines 423--423
[]|\OT1/cmr/m/n/12 True| 
 []


Overfull \hbox (3.05576pt too wide) in paragraph at lines 424--424
[]|\OT1/cmr/m/n/12 True| 
 []


Overfull \hbox (3.05576pt too wide) in paragraph at lines 425--425
[]|\OT1/cmr/m/n/12 True| 
 []


Overfull \hbox (3.05576pt too wide) in paragraph at lines 426--426
[]|\OT1/cmr/m/n/12 True| 
 []


Overfull \hbox (1.44563pt too wide) in paragraph at lines 427--427
[]|\OT1/cmr/m/n/12 0.00014440833165011457| 
 []


Overfull \hbox (3.05576pt too wide) in paragraph at lines 427--427
[]|\OT1/cmr/m/n/12 True| 
 []


Overfull \hbox (3.05576pt too wide) in paragraph at lines 428--428
[]|\OT1/cmr/m/n/12 True| 
 []


Overfull \hbox (3.05576pt too wide) in paragraph at lines 429--429
[]|\OT1/cmr/m/n/12 True| 
 []


Overfull \hbox (3.05576pt too wide) in paragraph at lines 430--430
[]|\OT1/cmr/m/n/12 True| 
 []


Overfull \hbox (3.05576pt too wide) in paragraph at lines 431--431
[]|\OT1/cmr/m/n/12 True| 
 []


Overfull \hbox (3.05576pt too wide) in paragraph at lines 432--432
[]|\OT1/cmr/m/n/12 True| 
 []


Overfull \hbox (3.05576pt too wide) in paragraph at lines 433--433
[]|\OT1/cmr/m/n/12 True| 
 []


Overfull \hbox (3.05576pt too wide) in paragraph at lines 434--434
[]|\OT1/cmr/m/n/12 True| 
 []


Overfull \hbox (3.05576pt too wide) in paragraph at lines 435--435
[]|\OT1/cmr/m/n/12 True| 
 []


Overfull \hbox (3.05576pt too wide) in paragraph at lines 436--436
[]|\OT1/cmr/m/n/12 True| 
 []


Overfull \hbox (3.05576pt too wide) in paragraph at lines 437--437
[]|\OT1/cmr/m/n/12 True| 
 []


Overfull \hbox (3.05576pt too wide) in paragraph at lines 438--438
[]|\OT1/cmr/m/n/12 True| 
 []


Overfull \hbox (3.05576pt too wide) in paragraph at lines 439--439
[]|\OT1/cmr/m/n/12 True| 
 []


Overfull \hbox (3.05576pt too wide) in paragraph at lines 440--440
[]|\OT1/cmr/m/n/12 True| 
 []


Overfull \hbox (3.05576pt too wide) in paragraph at lines 441--441
[]|\OT1/cmr/m/n/12 True| 
 []


Overfull \hbox (3.05576pt too wide) in paragraph at lines 442--442
[]|\OT1/cmr/m/n/12 True| 
 []


Overfull \hbox (3.05576pt too wide) in paragraph at lines 443--443
[]|\OT1/cmr/m/n/12 True| 
 []


Overfull \hbox (3.05576pt too wide) in paragraph at lines 444--444
[]|\OT1/cmr/m/n/12 True| 
 []


Overfull \hbox (3.05576pt too wide) in paragraph at lines 445--445
[]|\OT1/cmr/m/n/12 True| 
 []


Overfull \hbox (3.05576pt too wide) in paragraph at lines 446--446
[]|\OT1/cmr/m/n/12 True| 
 []


Overfull \hbox (3.05576pt too wide) in paragraph at lines 447--447
[]|\OT1/cmr/m/n/12 True| 
 []


Overfull \hbox (1.44563pt too wide) in paragraph at lines 448--448
[]|\OT1/cmr/m/n/12 0.00012423512889700786| 
 []


Overfull \hbox (1.44563pt too wide) in paragraph at lines 448--448
[]|\OT1/cmr/m/n/12 0.00015385829764550838| 
 []


Overfull \hbox (3.05576pt too wide) in paragraph at lines 448--448
[]|\OT1/cmr/m/n/12 True| 
 []


Overfull \hbox (1.44563pt too wide) in paragraph at lines 449--449
[]|\OT1/cmr/m/n/12 0.00022918603376477815| 
 []


Overfull \hbox (3.05576pt too wide) in paragraph at lines 449--449
[]|\OT1/cmr/m/n/12 True| 
 []


Overfull \hbox (3.05576pt too wide) in paragraph at lines 450--450
[]|\OT1/cmr/m/n/12 True| 
 []


Overfull \hbox (3.05576pt too wide) in paragraph at lines 451--451
[]|\OT1/cmr/m/n/12 True| 
 []


Overfull \hbox (3.05576pt too wide) in paragraph at lines 452--452
[]|\OT1/cmr/m/n/12 True| 
 []


Overfull \hbox (3.05576pt too wide) in paragraph at lines 453--453
[]|\OT1/cmr/m/n/12 True| 
 []


Overfull \hbox (3.05576pt too wide) in paragraph at lines 454--454
[]|\OT1/cmr/m/n/12 True| 
 []


Overfull \hbox (1.44563pt too wide) in paragraph at lines 455--455
[]|\OT1/cmr/m/n/12 0.00023915384527703617| 
 []


Overfull \hbox (1.44563pt too wide) in paragraph at lines 455--455
[]|\OT1/cmr/m/n/12 0.00028173530530391726| 
 []


Overfull \hbox (3.05576pt too wide) in paragraph at lines 455--455
[]|\OT1/cmr/m/n/12 True| 
 []


Overfull \hbox (1.44563pt too wide) in paragraph at lines 456--456
[]|\OT1/cmr/m/n/12 0.00014166358101879497| 
 []


Overfull \hbox (3.05576pt too wide) in paragraph at lines 456--456
[]|\OT1/cmr/m/n/12 True| 
 []


Overfull \hbox (3.05576pt too wide) in paragraph at lines 457--457
[]|\OT1/cmr/m/n/12 True| 
 []


Overfull \hbox (3.05576pt too wide) in paragraph at lines 458--458
[]|\OT1/cmr/m/n/12 True| 
 []


Overfull \hbox (3.05576pt too wide) in paragraph at lines 459--459
[]|\OT1/cmr/m/n/12 True| 
 []


Overfull \hbox (1.44563pt too wide) in paragraph at lines 460--460
[]|\OT1/cmr/m/n/12 0.00019979555494656614| 
 []


Overfull \hbox (1.44563pt too wide) in paragraph at lines 460--460
[]|\OT1/cmr/m/n/12 0.00024755023204633546| 
 []


Overfull \hbox (3.05576pt too wide) in paragraph at lines 460--460
[]|\OT1/cmr/m/n/12 True| 
 []


Overfull \hbox (3.05576pt too wide) in paragraph at lines 461--461
[]|\OT1/cmr/m/n/12 True| 
 []


Overfull \hbox (1.44563pt too wide) in paragraph at lines 462--462
[]|\OT1/cmr/m/n/12 0.00011040155964962406| 
 []


Overfull \hbox (3.05576pt too wide) in paragraph at lines 462--462
[]|\OT1/cmr/m/n/12 True| 
 []


Overfull \hbox (3.05576pt too wide) in paragraph at lines 463--463
[]|\OT1/cmr/m/n/12 True| 
 []


Overfull \hbox (3.05576pt too wide) in paragraph at lines 464--464
[]|\OT1/cmr/m/n/12 True| 
 []


Overfull \hbox (1.44563pt too wide) in paragraph at lines 465--465
[]|\OT1/cmr/m/n/12 0.00023309415985446532| 
 []


Overfull \hbox (3.05576pt too wide) in paragraph at lines 465--465
[]|\OT1/cmr/m/n/12 True| 
 []


Overfull \hbox (3.05576pt too wide) in paragraph at lines 466--466
[]|\OT1/cmr/m/n/12 True| 
 []


Overfull \hbox (1.44563pt too wide) in paragraph at lines 467--467
[]|\OT1/cmr/m/n/12 0.00020416008471271172| 
 []


Overfull \hbox (1.44563pt too wide) in paragraph at lines 467--467
[]|\OT1/cmr/m/n/12 0.00023096358326257375| 
 []


Overfull \hbox (3.05576pt too wide) in paragraph at lines 467--467
[]|\OT1/cmr/m/n/12 True| 
 []


Overfull \hbox (3.05576pt too wide) in paragraph at lines 468--468
[]|\OT1/cmr/m/n/12 True| 
 []


Overfull \hbox (3.05576pt too wide) in paragraph at lines 469--469
[]|\OT1/cmr/m/n/12 True| 
 []


Overfull \hbox (3.05576pt too wide) in paragraph at lines 470--470
[]|\OT1/cmr/m/n/12 True| 
 []


Overfull \hbox (1.44563pt too wide) in paragraph at lines 471--471
[]|\OT1/cmr/m/n/12 0.00023958926020161358| 
 []


Overfull \hbox (3.05576pt too wide) in paragraph at lines 471--471
[]|\OT1/cmr/m/n/12 True| 
 []


Overfull \hbox (1.44563pt too wide) in paragraph at lines 472--472
[]|\OT1/cmr/m/n/12 0.00012576088584998458| 
 []


Overfull \hbox (3.05576pt too wide) in paragraph at lines 472--472
[]|\OT1/cmr/m/n/12 True| 
 []


Overfull \hbox (3.05576pt too wide) in paragraph at lines 473--473
[]|\OT1/cmr/m/n/12 True| 
 []


Overfull \hbox (3.05576pt too wide) in paragraph at lines 474--474
[]|\OT1/cmr/m/n/12 True| 
 []


Overfull \hbox (3.05576pt too wide) in paragraph at lines 475--475
[]|\OT1/cmr/m/n/12 True| 
 []


Overfull \hbox (3.05576pt too wide) in paragraph at lines 476--476
[]|\OT1/cmr/m/n/12 True| 
 []


Overfull \hbox (3.05576pt too wide) in paragraph at lines 477--477
[]|\OT1/cmr/m/n/12 True| 
 []


Overfull \hbox (3.05576pt too wide) in paragraph at lines 478--478
[]|\OT1/cmr/m/n/12 True| 
 []


Overfull \hbox (1.44563pt too wide) in paragraph at lines 479--479
[]|\OT1/cmr/m/n/12 0.00013040624127057853| 
 []


Overfull \hbox (1.44563pt too wide) in paragraph at lines 479--479
[]|\OT1/cmr/m/n/12 0.00015745285441057832| 
 []


Overfull \hbox (3.05576pt too wide) in paragraph at lines 479--479
[]|\OT1/cmr/m/n/12 True| 
 []


Overfull \hbox (1.44563pt too wide) in paragraph at lines 480--480
[]|\OT1/cmr/m/n/12 0.00021859978863896366| 
 []


Overfull \hbox (1.44563pt too wide) in paragraph at lines 480--480
[]|\OT1/cmr/m/n/12 0.00036371557013522486| 
 []


Overfull \hbox (3.05576pt too wide) in paragraph at lines 480--480
[]|\OT1/cmr/m/n/12 True| 
 []


Overfull \hbox (30.01424pt too wide) in alignment at lines 337--481
 [] [] [] [] [] [] 
 []

[4] [5] [6] [7] (./Scheduler.aux)
Package rerunfilecheck Info: File `Scheduler.out' has not changed.
(rerunfilecheck)             Checksum: 5A1BAA6C7AAA00FAC06550A9639E0657;1901.
 ) 
Here is how much of TeX's memory you used:
 12625 strings out of 478353
 187351 string characters out of 5854634
 906912 words of memory out of 5000000
 30523 multiletter control sequences out of 15000+600000
 413538 words of font info for 71 fonts, out of 8000000 for 9000
 1141 hyphenation exceptions out of 8191
 60i,6n,63p,918b,1402s stack positions out of 5000i,500n,10000p,200000b,80000s
</usr/share/texmf-dist/fonts/type1/public/amsfonts/cm/cmbx12.pfb></usr/share/texmf-dist/fonts/type1/public/amsfonts/cm/cmmi10.pfb></usr/share/texmf-dist/fonts/type1/public/amsfonts/cm/cmmi12.pfb></usr/share/texmf-dist/fonts/type1/public/amsfonts/cm/cmmi8.pfb></usr/share/texmf-dist/fonts/type1/public/amsfonts/cm/cmr12.pfb></usr/share/texmf-dist/fonts/type1/public/amsfonts/cm/cmr17.pfb></usr/share/texmf-dist/fonts/type1/public/amsfonts/cm/cmr8.pfb></usr/share/texmf-dist/fonts/type1/public/amsfonts/cm/cmsy10.pfb></usr/share/texmf-dist/fonts/type1/public/amsfonts/cm/cmsy8.pfb></usr/share/texmf-dist/fonts/type1/public/amsfonts/cm/cmtt10.pfb></usr/share/texmf-dist/fonts/type1/public/amsfonts/cm/cmtt12.pfb>
Output written on Scheduler.pdf (8 pages, 149284 bytes).
PDF statistics:
 255 PDF objects out of 1000 (max. 8388607)
 220 compressed objects within 3 object streams
 65 named destinations out of 1000 (max. 500000)
 129 words of extra memory for PDF output out of 10000 (max. 10000000)

